<?xml version="1.0" encoding="UTF-8"?>
<!-- Generated by org.testng.reporters.JUnitReportReporter -->
<testsuite hostname="ashaarun" name="UsingTestNG.testNG2" tests="1" failures="0" timestamp="22 May 2019 08:47:17 GMT" time="16.175" errors="0">
  <testcase name="testmethod2" time="16.175" classname="UsingTestNG.testNG2"/>
</testsuite> <!-- UsingTestNG.testNG2 -->
