<?xml version="1.0" encoding="UTF-8"?>
<!-- Generated by org.testng.reporters.JUnitReportReporter -->
<testsuite hostname="ashaarun" name="UsingTestNG.testNG1" tests="1" failures="0" timestamp="22 May 2019 08:47:17 GMT" time="6.593" errors="0">
  <testcase name="method1" time="6.593" classname="UsingTestNG.testNG1"/>
</testsuite> <!-- UsingTestNG.testNG1 -->
